<component name="libraryTable">
  <library name="junit-4.13.2">
    <CLASSES>
      <root url="jar://D:/FPT_POLYTECHNIC/Kiem_Thu_Nang_Cao/junit-4.13.2.jar!/" />
    </CLASSES>
    <JAVADOC />
    <SOURCES />
  </library>
</component>